{"numFailedTestSuites":0,"numFailedTests":0,"numPassedTestSuites":2,"numPassedTests":10,"numPendingTestSuites":0,"numPendingTests":0,"numRuntimeErrorTestSuites":0,"numTodoTests":0,"numTotalTestSuites":2,"numTotalTests":10,"openHandles":[],"snapshot":{"added":0,"didUpdate":false,"failure":false,"filesAdded":0,"filesRemoved":0,"filesRemovedList":[],"filesUnmatched":0,"filesUpdated":0,"matched":0,"total":0,"unchecked":0,"uncheckedKeysByFile":[],"unmatched":0,"updated":0},"startTime":1773938474812,"success":true,"testResults":[{"assertionResults":[{"ancestorTitles":["Booking API - double booking protection"],"duration":588,"failing":false,"failureDetails":[],"failureMessages":[],"fullName":"Booking API - double booking protection should create first booking","invocations":1,"location":null,"numPassingAsserts":2,"retryReasons":[],"startAt":1773938481446,"status":"passed","title":"should create first booking"},{"ancestorTitles":["Booking API - double booking protection"],"duration":359,"failing":false,"failureDetails":[],"failureMessages":[],"fullName":"Booking API - double booking protection should block overlapping booking on same room","invocations":1,"location":null,"numPassingAsserts":2,"retryReasons":[],"startAt":1773938482035,"status":"passed","title":"should block overlapping booking on same room"},{"ancestorTitles":["Booking API - double booking protection"],"duration":376,"failing":false,"failureDetails":[],"failureMessages":[],"fullName":"Booking API - double booking protection should filter search results by guests capacity","invocations":1,"location":null,"numPassingAsserts":5,"retryReasons":[],"startAt":1773938482394,"status":"passed","title":"should filter search results by guests capacity"},{"ancestorTitles":["Booking API - double booking protection"],"duration":854,"failing":false,"failureDetails":[],"failureMessages":[],"fullName":"Booking API - double booking protection should allow cancel before cancellation deadline","invocations":1,"location":null,"numPassingAsserts":3,"retryReasons":[],"startAt":1773938482771,"status":"passed","title":"should allow cancel before cancellation deadline"},{"ancestorTitles":["Booking API - double booking protection"],"duration":866,"failing":false,"failureDetails":[],"failureMessages":[],"fullName":"Booking API - double booking protection should block cancel after cancellation deadline","invocations":1,"location":null,"numPassingAsserts":3,"retryReasons":[],"startAt":1773938483626,"status":"passed","title":"should block cancel after cancellation deadline"},{"ancestorTitles":["Booking API - double booking protection"],"duration":1447,"failing":false,"failureDetails":[],"failureMessages":[],"fullName":"Booking API - double booking protection should pay booking and allow check-in/check-out","invocations":1,"location":null,"numPassingAsserts":8,"retryReasons":[],"startAt":1773938484492,"status":"passed","title":"should pay booking and allow check-in/check-out"}],"endTime":1773938486032,"message":"","name":"D:\\ngonngumoi\\hotel-booking-api\\backend\\tests\\booking.test.js","startTime":1773938474938,"status":"passed","summary":""},{"assertionResults":[{"ancestorTitles":["Auth API"],"duration":357,"failing":false,"failureDetails":[],"failureMessages":[],"fullName":"Auth API should register a new user","invocations":1,"location":null,"numPassingAsserts":4,"retryReasons":[],"startAt":1773938488689,"status":"passed","title":"should register a new user"},{"ancestorTitles":["Auth API"],"duration":78,"failing":false,"failureDetails":[],"failureMessages":[],"fullName":"Auth API should not allow duplicate registration","invocations":1,"location":null,"numPassingAsserts":1,"retryReasons":[],"startAt":1773938489047,"status":"passed","title":"should not allow duplicate registration"},{"ancestorTitles":["Auth API"],"duration":183,"failing":false,"failureDetails":[],"failureMessages":[],"fullName":"Auth API should login with correct credentials","invocations":1,"location":null,"numPassingAsserts":3,"retryReasons":[],"startAt":1773938489125,"status":"passed","title":"should login with correct credentials"},{"ancestorTitles":["Auth API"],"duration":283,"failing":false,"failureDetails":[],"failureMessages":[],"fullName":"Auth API should reject wrong password","invocations":1,"location":null,"numPassingAsserts":1,"retryReasons":[],"startAt":1773938489308,"status":"passed","title":"should reject wrong password"}],"endTime":1773938489665,"message":"","name":"D:\\ngonngumoi\\hotel-booking-api\\backend\\tests\\auth.test.js","startTime":1773938486046,"status":"passed","summary":""}],"wasInterrupted":false}
